<?xml version="1.0" encoding="UTF-8"?>
<Site BuildName="Win32-MSBuild"
	BuildStamp="20231013-0036-Experimental"
	Name="DESKTOP-8K7C8SI"
	Generator="ctest-3.28.0-rc1"
	CompilerName="C:/Program Files (x86)/Microsoft Visual Studio/2019/BuildTools/VC/Tools/MSVC/14.29.30133/bin/Hostx86/x64/cl.exe"
	CompilerVersion="19.29.30143.0"
	OSName="Windows"
	Hostname="DESKTOP-8K7C8SI"
	OSRelease=" Personal"
	OSVersion=" (Build 19045)"
	OSPlatform="AMD64"
	Is64Bits="1"
	VendorString="GenuineIntel"
	VendorID="Intel Corporation"
	FamilyID="6"
	ModelID="12"
	ProcessorCacheSize="-1"
	NumberOfLogicalCPU="8"
	NumberOfPhysicalCPU="4"
	TotalVirtualMemory="26079"
	TotalPhysicalMemory="16110"
	LogicalProcessorsPerPhysical="2"
	ProcessorClockFrequency="1689"
	>
	<Testing>
		<StartDateTime>Oct 12 20:38 Eastern Daylight Time</StartDateTime>
		<StartTestTime>1697157486</StartTestTime>
		<TestList/>
		<EndDateTime>Oct 12 20:38 Eastern Daylight Time</EndDateTime>
		<EndTestTime>1697157486</EndTestTime>
		<ElapsedMinutes>0</ElapsedMinutes>
	</Testing>
</Site>
